[2025-09-19_19:42:15] Restore started
[0;34m[INFO][0m Распаковка архива...
./
tar: .: пропускается существующий файл
./system_packages/
./system_packages/installed-packages.list
./system_packages/custom-repos.list
./system_packages/installed-packages-versions.list
./system_packages/sources.list.d/
./system_packages/manual-packages.list
./system_packages/README
./system_packages/sources.list
./system_packages/keyrings/
[0;32m[OK][0m Архив успешно распакован.
[2025-09-19_19:42:15] Extracting archive completed
[0;34m[INFO][0m Восстановление источников APT и ключей...

WARNING: apt does not have a stable CLI interface. Use with caution in scripts.

Сущ:1 http://archive.ubuntu.com/ubuntu noble InRelease
Пол:2 http://archive.ubuntu.com/ubuntu noble-updates InRelease [126 kB]
Пол:3 http://archive.ubuntu.com/ubuntu noble-security InRelease [126 kB]
Пол:4 http://archive.ubuntu.com/ubuntu noble-updates/main i386 Packages [526 kB]
Пол:5 http://archive.ubuntu.com/ubuntu noble-updates/main amd64 Packages [1 415 kB]
Пол:6 http://archive.ubuntu.com/ubuntu noble-updates/main amd64 Components [175 kB]
Пол:7 http://archive.ubuntu.com/ubuntu noble-updates/main amd64 c-n-f Metadata [15,3 kB]
Пол:8 http://archive.ubuntu.com/ubuntu noble-updates/universe i386 Packages [981 kB]
Пол:9 http://archive.ubuntu.com/ubuntu noble-updates/universe amd64 Packages [1 485 kB]
Пол:10 http://archive.ubuntu.com/ubuntu noble-updates/universe Translation-en [299 kB]
Пол:11 http://archive.ubuntu.com/ubuntu noble-updates/universe amd64 Components [377 kB]
Пол:12 http://archive.ubuntu.com/ubuntu noble-updates/universe amd64 c-n-f Metadata [31,1 kB]
Пол:13 http://archive.ubuntu.com/ubuntu noble-updates/multiverse amd64 Components [940 B]
Пол:14 http://archive.ubuntu.com/ubuntu noble-updates/restricted amd64 Components [212 B]
Пол:15 http://archive.ubuntu.com/ubuntu noble-security/main amd64 Components [21,5 kB]
Пол:16 http://archive.ubuntu.com/ubuntu noble-security/universe amd64 Components [52,3 kB]
Пол:17 http://archive.ubuntu.com/ubuntu noble-security/multiverse amd64 Components [212 B]
Пол:18 http://archive.ubuntu.com/ubuntu noble-security/restricted amd64 Components [212 B]
Получено 5 633 kB за 10с (575 kB/s)
Чтение списков пакетов…
Построение дерева зависимостей…
Чтение информации о состоянии…
Может быть обновлено 9 пакетов. Запустите «apt list --upgradable» для их показа.
[0;32m[OK][0m Источники APT и ключи восстановлены.
[2025-09-19_19:42:51] Restoring repositories and keyrings completed
[0;34m[INFO][0m Восстановление вручную установленных пакетов...

WARNING: apt does not have a stable CLI interface. Use with caution in scripts.

Чтение списков пакетов…
Построение дерева зависимостей…
Чтение информации о состоянии…
Уже установлен пакет alacarte самой новой версии (3.52.0-1).
Уже установлен пакет bsdutils самой новой версии (1:2.39.3-9ubuntu6.3).
Уже установлен пакет ca-certificates самой новой версии (20240203).
Уже установлен пакет clinfo самой новой версии (3.0.23.01.25-1build1).
Уже установлен пакет cpu-x самой новой версии (5.0.3-2build2).
Уже установлен пакет curl самой новой версии (8.5.0-2ubuntu10.6).
Уже установлен пакет darktable самой новой версии (4.6.1-2ubuntu1).
Уже установлен пакет dash самой новой версии (0.5.12-6ubuntu5).
Уже установлен пакет diffutils самой новой версии (1:3.10-1build1).
Уже установлен пакет digikam самой новой версии (4:8.2.0-0ubuntu6.2).
Уже установлен пакет dmidecode самой новой версии (3.5-3ubuntu0.1).
Уже установлен пакет dosfstools самой новой версии (4.2-1.1build1).
Уже установлен пакет efibootmgr самой новой версии (18-1build2).
Уже установлен пакет extundelete самой новой версии (0.2.4-3build2).
Уже установлен пакет fakeroot самой новой версии (1.33-1).
Уже установлен пакет ffmpeg самой новой версии (7:6.1.1-3ubuntu5).
Уже установлен пакет findutils самой новой версии (4.9.0-5build1).
Уже установлен пакет flatpak самой новой версии (1.14.6-1ubuntu0.1).
Уже установлен пакет fonts-dejavu самой новой версии (2.37-8).
Уже установлен пакет fonts-liberation самой новой версии (1:2.1.5-3).
Уже установлен пакет fonts-noto самой новой версии (20201225-2).
Уже установлен пакет fonts-noto-color-emoji самой новой версии (2.047-0ubuntu0.24.04.1).
Уже установлен пакет gimp самой новой версии (2.10.36-3ubuntu0.24.04.1).
Уже установлен пакет gnome-software-plugin-flatpak самой новой версии (46.0-1ubuntu2).
Уже установлен пакет gnome-user-docs-ru самой новой версии (46.0-1ubuntu1).
Уже установлен пакет gpart самой новой версии (1:0.3-10).
Уже установлен пакет gparted самой новой версии (1.5.0-1build4).
Уже установлен пакет grep самой новой версии (3.11-4build1).
Уже установлен пакет grub-efi-amd64 самой новой версии (2.12-1ubuntu7.3).
Уже установлен пакет grub-efi-amd64-signed самой новой версии (1.202.5+2.12-1ubuntu7.3).
Уже установлен пакет gstreamer1.0-libav самой новой версии (1.24.1-1build1).
Уже установлен пакет gstreamer1.0-plugins-bad самой новой версии (1.24.2-1ubuntu4).
Уже установлен пакет gstreamer1.0-plugins-base самой новой версии (1.24.2-1ubuntu0.3).
Уже установлен пакет gstreamer1.0-plugins-good самой новой версии (1.24.2-1ubuntu1.2).
Уже установлен пакет gstreamer1.0-plugins-ugly самой новой версии (1.24.1-1build1).
Уже установлен пакет gzip самой новой версии (1.12-1ubuntu3.1).
Уже установлен пакет hostname самой новой версии (3.23+nmu2ubuntu2).
Уже установлен пакет hunspell-kk самой новой версии (1.1-3).
Уже установлен пакет hyphen-ru самой новой версии (20030310-1ubuntu3).
Уже установлен пакет ibus-table-cangjie-big самой новой версии (1.8.12-1).
Уже установлен пакет ibus-table-cangjie3 самой новой версии (1.8.12-1).
Уже установлен пакет ibus-table-cangjie5 самой новой версии (1.8.12-1).
Уже установлен пакет init самой новой версии (1.66ubuntu1).
Уже установлен пакет keepassxc самой новой версии (2.7.6+dfsg.1-1build3).
Уже установлен пакет krita-gmic самой новой версии (2.9.4-4build11).
Уже установлен пакет language-pack-gnome-kk самой новой версии (1:24.04+20250724).
Уже установлен пакет language-pack-gnome-kk-base самой новой версии (1:24.04+20250724).
Уже установлен пакет language-pack-gnome-ru самой новой версии (1:24.04+20250724).
Уже установлен пакет language-pack-gnome-ru-base самой новой версии (1:24.04+20250724).
Уже установлен пакет language-pack-kk самой новой версии (1:24.04+20250724).
Уже установлен пакет language-pack-kk-base самой новой версии (1:24.04+20250724).
Уже установлен пакет language-pack-ru самой новой версии (1:24.04+20250724).
Уже установлен пакет language-pack-ru-base самой новой версии (1:24.04+20250724).
Уже установлен пакет libasound2-plugins самой новой версии (1.2.7.1-1ubuntu5).
Уже установлен пакет libasound2t64 самой новой версии (1.2.11-1ubuntu0.1).
Уже установлен пакет libatomic1 самой новой версии (14.2.0-4ubuntu2~24.04).
Уже установлен пакет libchewing3 самой новой версии (0.6.0-1build1).
Уже установлен пакет libchewing3-data самой новой версии (0.6.0-1build1).
Уже установлен пакет libfontconfig1 самой новой версии (2.15.0-1.1ubuntu2).
Уже установлен пакет libfreetype6 самой новой версии (2.13.2+dfsg-1build3).
Уже установлен пакет libfuse2t64 самой новой версии (2.9.9-8.1build1).
Уже установлен пакет libglib2.0-0t64 самой новой версии (2.80.0-6ubuntu3.4).
Уже установлен пакет libglu1-mesa самой новой версии (9.0.2-1.1build1).
Уже установлен пакет libgtk-3-0t64 самой новой версии (3.24.41-4ubuntu1.3).
Уже установлен пакет libice6 самой новой версии (2:1.0.10-1build3).
Уже установлен пакет libimage-exiftool-perl самой новой версии (12.76+dfsg-1).
Уже установлен пакет libm17n-0 самой новой версии (1.8.4-1build2).
Уже установлен пакет libmarisa0 самой новой версии (0.2.6-14ubuntu4).
Уже установлен пакет libopencc-data самой новой версии (1.1.7+ds1-1build1).
Уже установлен пакет libopencc1.1 самой новой версии (1.1.7+ds1-1build1).
Уже установлен пакет libotf1 самой новой версии (0.9.16-4build2).
Уже установлен пакет libpinyin-data самой новой версии (2.8.1-1build3).
Уже установлен пакет libpinyin15 самой новой версии (2.8.1-1build3).
Уже установлен пакет libqt5core5t64 самой новой версии (5.15.13+dfsg-1ubuntu1).
Уже установлен пакет libqt5gui5t64 самой новой версии (5.15.13+dfsg-1ubuntu1).
Уже установлен пакет libqt5network5t64 самой новой версии (5.15.13+dfsg-1ubuntu1).
Уже установлен пакет libqt5widgets5t64 самой новой версии (5.15.13+dfsg-1ubuntu1).
Уже установлен пакет libreoffice-help-common самой новой версии (4:24.2.7-0ubuntu0.24.04.4).
Уже установлен пакет libreoffice-help-ru самой новой версии (4:24.2.7-0ubuntu0.24.04.4).
Уже установлен пакет libreoffice-l10n-kk самой новой версии (4:24.2.7-0ubuntu0.24.04.4).
Уже установлен пакет libreoffice-l10n-ru самой новой версии (4:24.2.7-0ubuntu0.24.04.4).
Уже установлен пакет libsm6 самой новой версии (2:1.2.3-1build3).
Уже установлен пакет libssl-dev самой новой версии (3.0.13-0ubuntu3.5).
Уже установлен пакет libssl3t64 самой новой версии (3.0.13-0ubuntu3.5).
Уже установлен пакет libstdc++6 самой новой версии (14.2.0-4ubuntu2~24.04).
Уже установлен пакет libtcmalloc-minimal4t64 самой новой версии (2.15-3build1).
Уже установлен пакет libx11-6 самой новой версии (2:1.8.7-1build1).
Уже установлен пакет libx11-xcb1 самой новой версии (2:1.8.7-1build1).
Уже установлен пакет libxcb1 самой новой версии (1.15-1ubuntu2).
Уже установлен пакет libxcomposite1 самой новой версии (1:0.4.5-1build3).
Уже установлен пакет libxcursor1 самой новой версии (1:1.2.1-1build1).
Уже установлен пакет libxi6 самой новой версии (2:1.8.1-1build1).
Уже установлен пакет libxrandr2 самой новой версии (2:1.5.2-2build1).
Уже установлен пакет libxrender1 самой новой версии (1:0.9.10-1.1build1).
Уже установлен пакет libxtst6 самой новой версии (2:1.2.3-1.1build1).
Уже установлен пакет libxxf86vm1 самой новой версии (1:1.1.4-1build4).
Уже установлен пакет linux-generic-hwe-24.04 самой новой версии (6.14.0-29.29~24.04.1).
Уже установлен пакет locales самой новой версии (2.39-0ubuntu8.5).
Уже установлен пакет login самой новой версии (1:4.13+dfsg1-4ubuntu3.2).
Уже установлен пакет lshw самой новой версии (02.19.git.2021.06.19.996aaad9c7-2build3).
Уже установлен пакет m17n-db самой новой версии (1.8.5-1).
Уже установлен пакет mc самой новой версии (3:4.8.30-1ubuntu0.1).
Уже установлен пакет mesa-opencl-icd самой новой версии (25.0.7-0ubuntu0.24.04.2).
Уже установлен пакет mesa-utils самой новой версии (9.0.0-2).
Уже установлен пакет mtools самой новой версии (4.0.43-1build1).
Уже установлен пакет mythes-ru самой новой версии (1:24.2.1-1).
Уже установлен пакет ncurses-base самой новой версии (6.4+20240113-1ubuntu2).
Уже установлен пакет ncurses-bin самой новой версии (6.4+20240113-1ubuntu2).
Уже установлен пакет ntfs-3g самой новой версии (1:2022.10.3-1.2ubuntu3).
Уже установлен пакет nvidia-cuda-toolkit самой новой версии (12.0.140~12.0.1-4build4).
Уже установлен пакет nvidia-driver-580 самой новой версии (580.65.06-0ubuntu0.24.04.4).
Уже установлен пакет ocl-icd-libopencl1 самой новой версии (2.3.2-1build1).
Уже установлен пакет ocl-icd-opencl-dev самой новой версии (2.3.2-1build1).
Уже установлен пакет opencl-headers самой новой версии (3.0~2023.12.14-1).
Уже установлен пакет plocate самой новой версии (1.1.19-2ubuntu2).
Уже установлен пакет pv самой новой версии (1.8.5-2build1).
Уже установлен пакет python3-netifaces самой новой версии (0.11.0-2build3).
Уже установлен пакет ranger самой новой версии (1.9.3-5ubuntu0.24.04.1).
Уже установлен пакет screen самой новой версии (4.9.1-1build1).
Уже установлен пакет shim-signed самой новой версии (1.58+15.8-0ubuntu1).
Уже установлен пакет testdisk самой новой версии (7.1-5+nmu1build2).
Уже установлен пакет thunderbird-locale-kk самой новой версии (2:1snap1-0ubuntu3).
Уже установлен пакет thunderbird-locale-ru самой новой версии (2:1snap1-0ubuntu3).
Уже установлен пакет ttf-mscorefonts-installer самой новой версии (3.8.1ubuntu1).
Уже установлен пакет ubuntu-desktop самой новой версии (1.539.2).
Уже установлен пакет ubuntu-desktop-minimal самой новой версии (1.539.2).
Уже установлен пакет ubuntu-minimal самой новой версии (1.539.2).
Уже установлен пакет ubuntu-restricted-addons самой новой версии (29).
Уже установлен пакет ubuntu-standard самой новой версии (1.539.2).
Уже установлен пакет ubuntu-wallpapers самой новой версии (24.04.2).
Уже установлен пакет usb-creator-kde самой новой версии (0.3.17).
Уже установлен пакет util-linux самой новой версии (2.39.3-9ubuntu6.3).
Уже установлен пакет vainfo самой новой версии (2.12.0+ds1-1).
Уже установлен пакет vlc самой новой версии (3.0.20-3build6).
Уже установлен пакет wmctrl самой новой версии (1.07-7ubuntu3).
Уже установлен пакет xdotool самой новой версии (1:3.20160805.1-5build1).
Уже установлен пакет xfsprogs самой новой версии (6.6.0-1ubuntu2.1).
Уже установлен пакет xorriso самой новой версии (1:1.5.6-1.1ubuntu3).
Обновлено 0 пакетов, установлено 0 новых пакетов, для удаления отмечено 0 пакетов, и 9 пакетов не обновлено.
[0;32m[OK][0m Ручные пакеты восстановлены.
[2025-09-19_19:42:52] Restoring packages completed
[0;34m[INFO][0m Пропуск восстановления логов.
[2025-09-19_19:42:52] Restoring logs completed
[2025-09-19_19:42:52] Restore finished successfully
